Added Component: Designator=C?(Cap electrolytic THT 5mm)
Add component (AddParameter): Name = "Package Type"; Value = "THT"; VariantName = "[No Variations]"
Add component (AddParameter): Name = "Tolerance"; Value = ""; VariantName = "[No Variations]"
Add component (AddParameter): Name = "Value"; Value = "47uF"; VariantName = "[No Variations]"
Add component (AddParameter): Name = "Voltage rating"; Value = ""; VariantName = "[No Variations]"
Added Component: Designator=C?(Cap THT 5mm)
Add component (AddParameter): Name = "Package Type"; Value = "THT"; VariantName = "[No Variations]"
Add component (AddParameter): Name = "Tolerance"; Value = ""; VariantName = "[No Variations]"
Add component (AddParameter): Name = "Value"; Value = "1uF"; VariantName = "[No Variations]"
Add component (AddParameter): Name = "Voltage rating"; Value = ""; VariantName = "[No Variations]"
Added Component: Designator=C?(Cap THT 5mm)
Add component (AddParameter): Name = "Package Type"; Value = "THT"; VariantName = "[No Variations]"
Add component (AddParameter): Name = "Tolerance"; Value = ""; VariantName = "[No Variations]"
Add component (AddParameter): Name = "Value"; Value = "100nF"; VariantName = "[No Variations]"
Add component (AddParameter): Name = "Voltage rating"; Value = ""; VariantName = "[No Variations]"
Added Component: Designator=C?(Cap THT 5mm)
Add component (AddParameter): Name = "Package Type"; Value = "THT"; VariantName = "[No Variations]"
Add component (AddParameter): Name = "Tolerance"; Value = ""; VariantName = "[No Variations]"
Add component (AddParameter): Name = "Value"; Value = "100nF"; VariantName = "[No Variations]"
Add component (AddParameter): Name = "Voltage rating"; Value = ""; VariantName = "[No Variations]"
Added Component: Designator=C?(Cap THT 5mm)
Add component (AddParameter): Name = "Package Type"; Value = "THT"; VariantName = "[No Variations]"
Add component (AddParameter): Name = "Tolerance"; Value = ""; VariantName = "[No Variations]"
Add component (AddParameter): Name = "Value"; Value = "100nF"; VariantName = "[No Variations]"
Add component (AddParameter): Name = "Voltage rating"; Value = ""; VariantName = "[No Variations]"
Added Component: Designator=C?(Cap THT 5mm)
Add component (AddParameter): Name = "Package Type"; Value = "THT"; VariantName = "[No Variations]"
Add component (AddParameter): Name = "Tolerance"; Value = ""; VariantName = "[No Variations]"
Add component (AddParameter): Name = "Value"; Value = "1nF"; VariantName = "[No Variations]"
Add component (AddParameter): Name = "Voltage rating"; Value = ""; VariantName = "[No Variations]"
Added Component: Designator=C?(Cap electrolytic THT 5mm)
Add component (AddParameter): Name = "Package Type"; Value = "THT"; VariantName = "[No Variations]"
Add component (AddParameter): Name = "Tolerance"; Value = ""; VariantName = "[No Variations]"
Add component (AddParameter): Name = "Value"; Value = "47uF"; VariantName = "[No Variations]"
Add component (AddParameter): Name = "Voltage rating"; Value = ""; VariantName = "[No Variations]"
Added Component: Designator=D?(Diode THT 10 mm)
Add component (AddParameter): Name = "Forward voltage"; Value = ""; VariantName = "[No Variations]"
Add component (AddParameter): Name = "Max current"; Value = ""; VariantName = "[No Variations]"
Add component (AddParameter): Name = "Max reverse voltage"; Value = ""; VariantName = "[No Variations]"
Add component (AddParameter): Name = "Model"; Value = "1N4148"; VariantName = "[No Variations]"
Add component (AddParameter): Name = "Package Type"; Value = "THT"; VariantName = "[No Variations]"
Add component (AddParameter): Name = "Type"; Value = "Diode"; VariantName = "[No Variations]"
Added Component: Designator=D?(Diode THT 10 mm)
Add component (AddParameter): Name = "Forward voltage"; Value = ""; VariantName = "[No Variations]"
Add component (AddParameter): Name = "Max current"; Value = ""; VariantName = "[No Variations]"
Add component (AddParameter): Name = "Max reverse voltage"; Value = ""; VariantName = "[No Variations]"
Add component (AddParameter): Name = "Model"; Value = "1N4148"; VariantName = "[No Variations]"
Add component (AddParameter): Name = "Package Type"; Value = "THT"; VariantName = "[No Variations]"
Add component (AddParameter): Name = "Type"; Value = "Diode"; VariantName = "[No Variations]"
Added Component: Designator=D?(Diode THT 10 mm)
Add component (AddParameter): Name = "Max Current"; Value = ""; VariantName = "[No Variations]"
Add component (AddParameter): Name = "Max Reverse Voltage"; Value = ""; VariantName = "[No Variations]"
Add component (AddParameter): Name = "Model"; Value = "1N5819"; VariantName = "[No Variations]"
Add component (AddParameter): Name = "Package Type"; Value = "THT"; VariantName = "[No Variations]"
Add component (AddParameter): Name = "Type"; Value = "Schottky"; VariantName = "[No Variations]"
Added Component: Designator=D?(Diode THT 10 mm)
Add component (AddParameter): Name = "Forward voltage"; Value = ""; VariantName = "[No Variations]"
Add component (AddParameter): Name = "Max current"; Value = ""; VariantName = "[No Variations]"
Add component (AddParameter): Name = "Max reverse voltage"; Value = ""; VariantName = "[No Variations]"
Add component (AddParameter): Name = "Model"; Value = "1N4148"; VariantName = "[No Variations]"
Add component (AddParameter): Name = "Package Type"; Value = "THT"; VariantName = "[No Variations]"
Add component (AddParameter): Name = "Type"; Value = "Diode"; VariantName = "[No Variations]"
Added Component: Designator=D?(Diode THT 10 mm)
Add component (AddParameter): Name = "Forward voltage"; Value = ""; VariantName = "[No Variations]"
Add component (AddParameter): Name = "Max current"; Value = ""; VariantName = "[No Variations]"
Add component (AddParameter): Name = "Max reverse voltage"; Value = ""; VariantName = "[No Variations]"
Add component (AddParameter): Name = "Model"; Value = "1N4148"; VariantName = "[No Variations]"
Add component (AddParameter): Name = "Package Type"; Value = "THT"; VariantName = "[No Variations]"
Add component (AddParameter): Name = "Type"; Value = "Diode"; VariantName = "[No Variations]"
Added Component: Designator=D?(Diode THT 10 mm)
Add component (AddParameter): Name = "Forward voltage"; Value = ""; VariantName = "[No Variations]"
Add component (AddParameter): Name = "Max current"; Value = ""; VariantName = "[No Variations]"
Add component (AddParameter): Name = "Max reverse voltage"; Value = ""; VariantName = "[No Variations]"
Add component (AddParameter): Name = "Model"; Value = "1N4148"; VariantName = "[No Variations]"
Add component (AddParameter): Name = "Package Type"; Value = "THT"; VariantName = "[No Variations]"
Add component (AddParameter): Name = "Type"; Value = "Diode"; VariantName = "[No Variations]"
Added Component: Designator=D?(Diode SMD 0805)
Add component (AddParameter): Name = "Forward voltage"; Value = ""; VariantName = "[No Variations]"
Add component (AddParameter): Name = "Max current"; Value = ""; VariantName = "[No Variations]"
Add component (AddParameter): Name = "Max reverse voltage"; Value = ""; VariantName = "[No Variations]"
Add component (AddParameter): Name = "Model"; Value = "1N4148"; VariantName = "[No Variations]"
Add component (AddParameter): Name = "Package Type"; Value = "SMD"; VariantName = "[No Variations]"
Add component (AddParameter): Name = "Type"; Value = "Diode"; VariantName = "[No Variations]"
Added Component: Designator=D?(Diode THT 10 mm)
Add component (AddParameter): Name = "Forward voltage"; Value = ""; VariantName = "[No Variations]"
Add component (AddParameter): Name = "Max current"; Value = ""; VariantName = "[No Variations]"
Add component (AddParameter): Name = "Max reverse voltage"; Value = ""; VariantName = "[No Variations]"
Add component (AddParameter): Name = "Model"; Value = "1N4148"; VariantName = "[No Variations]"
Add component (AddParameter): Name = "Package Type"; Value = "THT"; VariantName = "[No Variations]"
Add component (AddParameter): Name = "Type"; Value = "Diode"; VariantName = "[No Variations]"
Added Component: Designator=D?(Diode SMD 0805)
Add component (AddParameter): Name = "Forward voltage"; Value = ""; VariantName = "[No Variations]"
Add component (AddParameter): Name = "Max current"; Value = ""; VariantName = "[No Variations]"
Add component (AddParameter): Name = "Max reverse voltage"; Value = ""; VariantName = "[No Variations]"
Add component (AddParameter): Name = "Model"; Value = "1N4148"; VariantName = "[No Variations]"
Add component (AddParameter): Name = "Package Type"; Value = "SMD"; VariantName = "[No Variations]"
Add component (AddParameter): Name = "Type"; Value = "Diode"; VariantName = "[No Variations]"
Added Component: Designator=D?(Diode THT 10 mm)
Add component (AddParameter): Name = "Max Current"; Value = ""; VariantName = "[No Variations]"
Add component (AddParameter): Name = "Max Reverse Voltage"; Value = ""; VariantName = "[No Variations]"
Add component (AddParameter): Name = "Model"; Value = "1N5819"; VariantName = "[No Variations]"
Add component (AddParameter): Name = "Package Type"; Value = "THT"; VariantName = "[No Variations]"
Add component (AddParameter): Name = "Type"; Value = "Schottky"; VariantName = "[No Variations]"
Added Component: Designator=J?(PJ301M)
Add component (AddParameter): Name = "Label"; Value = "CV out"; VariantName = "[No Variations]"
Add component (AddParameter): Name = "Manufacturer"; Value = ""; VariantName = "[No Variations]"
Add component (AddParameter): Name = "Package Type"; Value = "THT"; VariantName = "[No Variations]"
Added Component: Designator=J?(PJ301M)
Add component (AddParameter): Name = "Label"; Value = "CLK in"; VariantName = "[No Variations]"
Add component (AddParameter): Name = "Manufacturer"; Value = ""; VariantName = "[No Variations]"
Add component (AddParameter): Name = "Package Type"; Value = "THT"; VariantName = "[No Variations]"
Added Component: Designator=J?(PJ301M)
Add component (AddParameter): Name = "Label"; Value = "RESET in"; VariantName = "[No Variations]"
Add component (AddParameter): Name = "Manufacturer"; Value = ""; VariantName = "[No Variations]"
Add component (AddParameter): Name = "Package Type"; Value = "THT"; VariantName = "[No Variations]"
Added Component: Designator=J?(PJ301M)
Add component (AddParameter): Name = "Label"; Value = "CLK out"; VariantName = "[No Variations]"
Add component (AddParameter): Name = "Manufacturer"; Value = ""; VariantName = "[No Variations]"
Add component (AddParameter): Name = "Package Type"; Value = "THT"; VariantName = "[No Variations]"
Added Component: Designator=P?(Multiturn Potentiometer inline)
Add component (AddParameter): Name = "Package Type"; Value = "THT"; VariantName = "[No Variations]"
Add component (AddParameter): Name = "Parameter"; Value = ""; VariantName = "[No Variations]"
Add component (AddParameter): Name = "Taper"; Value = ""; VariantName = "[No Variations]"
Add component (AddParameter): Name = "Type"; Value = "Potentiometer"; VariantName = "[No Variations]"
Add component (AddParameter): Name = "Value"; Value = "2k"; VariantName = "[No Variations]"
Added Component: Designator=P?(Multiturn Potentiometer inline)
Add component (AddParameter): Name = "Package Type"; Value = "THT"; VariantName = "[No Variations]"
Add component (AddParameter): Name = "Parameter"; Value = ""; VariantName = "[No Variations]"
Add component (AddParameter): Name = "Taper"; Value = ""; VariantName = "[No Variations]"
Add component (AddParameter): Name = "Type"; Value = "Potentiometer"; VariantName = "[No Variations]"
Add component (AddParameter): Name = "Value"; Value = "5k"; VariantName = "[No Variations]"
Added Component: Designator=P?(9 mm PCB Potentiometer)
Add component (AddParameter): Name = "Package Type"; Value = "THT"; VariantName = "[No Variations]"
Add component (AddParameter): Name = "Parameter"; Value = "STEP 5"; VariantName = "[No Variations]"
Add component (AddParameter): Name = "Taper"; Value = ""; VariantName = "[No Variations]"
Add component (AddParameter): Name = "Type"; Value = "Potentiometer"; VariantName = "[No Variations]"
Add component (AddParameter): Name = "Value"; Value = "B100k"; VariantName = "[No Variations]"
Added Component: Designator=P?(9 mm PCB Potentiometer)
Add component (AddParameter): Name = "Package Type"; Value = "THT"; VariantName = "[No Variations]"
Add component (AddParameter): Name = "Parameter"; Value = "STEP 2"; VariantName = "[No Variations]"
Add component (AddParameter): Name = "Taper"; Value = ""; VariantName = "[No Variations]"
Add component (AddParameter): Name = "Type"; Value = "Potentiometer"; VariantName = "[No Variations]"
Add component (AddParameter): Name = "Value"; Value = "B100k"; VariantName = "[No Variations]"
Added Component: Designator=P?(9 mm PCB Potentiometer)
Add component (AddParameter): Name = "Package Type"; Value = "THT"; VariantName = "[No Variations]"
Add component (AddParameter): Name = "Parameter"; Value = "STEP 4"; VariantName = "[No Variations]"
Add component (AddParameter): Name = "Taper"; Value = ""; VariantName = "[No Variations]"
Add component (AddParameter): Name = "Type"; Value = "Potentiometer"; VariantName = "[No Variations]"
Add component (AddParameter): Name = "Value"; Value = "B100k"; VariantName = "[No Variations]"
Added Component: Designator=P?(9 mm PCB Potentiometer)
Add component (AddParameter): Name = "Package Type"; Value = "THT"; VariantName = "[No Variations]"
Add component (AddParameter): Name = "Parameter"; Value = "STEP 1"; VariantName = "[No Variations]"
Add component (AddParameter): Name = "Taper"; Value = ""; VariantName = "[No Variations]"
Add component (AddParameter): Name = "Type"; Value = "Potentiometer"; VariantName = "[No Variations]"
Add component (AddParameter): Name = "Value"; Value = "B100k"; VariantName = "[No Variations]"
Added Component: Designator=P?(9 mm PCB Potentiometer)
Add component (AddParameter): Name = "Package Type"; Value = "THT"; VariantName = "[No Variations]"
Add component (AddParameter): Name = "Parameter"; Value = "RATE"; VariantName = "[No Variations]"
Add component (AddParameter): Name = "Taper"; Value = ""; VariantName = "[No Variations]"
Add component (AddParameter): Name = "Type"; Value = "Potentiometer"; VariantName = "[No Variations]"
Add component (AddParameter): Name = "Value"; Value = "B250k"; VariantName = "[No Variations]"
Added Component: Designator=P?(9 mm PCB Potentiometer)
Add component (AddParameter): Name = "Package Type"; Value = "THT"; VariantName = "[No Variations]"
Add component (AddParameter): Name = "Parameter"; Value = "STEP 3"; VariantName = "[No Variations]"
Add component (AddParameter): Name = "Taper"; Value = ""; VariantName = "[No Variations]"
Add component (AddParameter): Name = "Type"; Value = "Potentiometer"; VariantName = "[No Variations]"
Add component (AddParameter): Name = "Value"; Value = "B100k"; VariantName = "[No Variations]"
Added Component: Designator=R?(Resistor THT 10mm)
Add component (AddParameter): Name = "Package Type"; Value = "THT"; VariantName = "[No Variations]"
Add component (AddParameter): Name = "Tolerance"; Value = ""; VariantName = "[No Variations]"
Add component (AddParameter): Name = "Value"; Value = "1k"; VariantName = "[No Variations]"
Added Component: Designator=R?(Resistor THT 10mm)
Add component (AddParameter): Name = "Package Type"; Value = "THT"; VariantName = "[No Variations]"
Add component (AddParameter): Name = "Tolerance"; Value = ""; VariantName = "[No Variations]"
Add component (AddParameter): Name = "Value"; Value = "100k"; VariantName = "[No Variations]"
Added Component: Designator=R?(Resistor THT 10mm)
Add component (AddParameter): Name = "Package Type"; Value = "THT"; VariantName = "[No Variations]"
Add component (AddParameter): Name = "Tolerance"; Value = ""; VariantName = "[No Variations]"
Add component (AddParameter): Name = "Value"; Value = "18k"; VariantName = "[No Variations]"
Added Component: Designator=R?(Resistor THT 10mm)
Add component (AddParameter): Name = "Package Type"; Value = "THT"; VariantName = "[No Variations]"
Add component (AddParameter): Name = "Tolerance"; Value = ""; VariantName = "[No Variations]"
Add component (AddParameter): Name = "Value"; Value = "68k"; VariantName = "[No Variations]"
Added Component: Designator=R?(Resistor THT 10mm)
Add component (AddParameter): Name = "Package Type"; Value = "THT"; VariantName = "[No Variations]"
Add component (AddParameter): Name = "Tolerance"; Value = ""; VariantName = "[No Variations]"
Add component (AddParameter): Name = "Value"; Value = "100k"; VariantName = "[No Variations]"
Added Component: Designator=R?(Resistor THT 10mm)
Add component (AddParameter): Name = "Package Type"; Value = "THT"; VariantName = "[No Variations]"
Add component (AddParameter): Name = "Tolerance"; Value = ""; VariantName = "[No Variations]"
Add component (AddParameter): Name = "Value"; Value = "100k"; VariantName = "[No Variations]"
Added Component: Designator=R?(Resistor THT 10mm)
Add component (AddParameter): Name = "Package Type"; Value = "THT"; VariantName = "[No Variations]"
Add component (AddParameter): Name = "Tolerance"; Value = ""; VariantName = "[No Variations]"
Add component (AddParameter): Name = "Value"; Value = "100k"; VariantName = "[No Variations]"
Added Component: Designator=R?(Resistor THT 10mm)
Add component (AddParameter): Name = "Package Type"; Value = "THT"; VariantName = "[No Variations]"
Add component (AddParameter): Name = "Tolerance"; Value = ""; VariantName = "[No Variations]"
Add component (AddParameter): Name = "Value"; Value = "100k"; VariantName = "[No Variations]"
Added Component: Designator=R?(Resistor THT 10mm)
Add component (AddParameter): Name = "Package Type"; Value = "THT"; VariantName = "[No Variations]"
Add component (AddParameter): Name = "Tolerance"; Value = ""; VariantName = "[No Variations]"
Add component (AddParameter): Name = "Value"; Value = "51k"; VariantName = "[No Variations]"
Added Component: Designator=R?(Resistor THT 10mm)
Add component (AddParameter): Name = "Package Type"; Value = "THT"; VariantName = "[No Variations]"
Add component (AddParameter): Name = "Tolerance"; Value = ""; VariantName = "[No Variations]"
Add component (AddParameter): Name = "Value"; Value = "1k"; VariantName = "[No Variations]"
Added Component: Designator=R?(Resistor THT 10mm)
Add component (AddParameter): Name = "Package Type"; Value = "THT"; VariantName = "[No Variations]"
Add component (AddParameter): Name = "Tolerance"; Value = ""; VariantName = "[No Variations]"
Add component (AddParameter): Name = "Value"; Value = "100k"; VariantName = "[No Variations]"
Added Component: Designator=R?(Resistor THT 10mm)
Add component (AddParameter): Name = "Package Type"; Value = "THT"; VariantName = "[No Variations]"
Add component (AddParameter): Name = "Tolerance"; Value = ""; VariantName = "[No Variations]"
Add component (AddParameter): Name = "Value"; Value = "6k8"; VariantName = "[No Variations]"
Added Component: Designator=S?(2MS1T1B5M2RE)
Add component (AddParameter): Name = "Package Type"; Value = "THT"; VariantName = "[No Variations]"
Add component (AddParameter): Name = "Signals"; Value = "OUT RANGE"; VariantName = "[No Variations]"
Add component (AddParameter): Name = "Type"; Value = "Switch"; VariantName = "[No Variations]"
Added Component: Designator=S?(2MD6T1B5M2RE)
Add component (AddParameter): Name = "Package Type"; Value = "THT"; VariantName = "[No Variations]"
Add component (AddParameter): Name = "Signals"; Value = "STEP COUNT"; VariantName = "[No Variations]"
Add component (AddParameter): Name = "Type"; Value = "Switch"; VariantName = "[No Variations]"
Added Component: Designator=U?(SOIC14)
Add component (AddParameter): Name = "Package"; Value = "SOIC14"; VariantName = "[No Variations]"
Add component (AddParameter): Name = "Package Type"; Value = "SMD"; VariantName = "[No Variations]"
Add component (AddParameter): Name = "Type"; Value = "Op Amp"; VariantName = "[No Variations]"
Added Component: Designator=U?(SOIC14)
Add component (AddParameter): Name = "Package"; Value = "SOIC14"; VariantName = "[No Variations]"
Add component (AddParameter): Name = "Package Type"; Value = "SMD"; VariantName = "[No Variations]"
Add component (AddParameter): Name = "Type"; Value = "Op Amp"; VariantName = "[No Variations]"
Added Component: Designator=U?(SOIC14)
Add component (AddParameter): Name = "Package"; Value = "SOIC14"; VariantName = "[No Variations]"
Add component (AddParameter): Name = "Package Type"; Value = "SMD"; VariantName = "[No Variations]"
Add component (AddParameter): Name = "Type"; Value = "Op Amp"; VariantName = "[No Variations]"
Added Component: Designator=U?(DIP-16)
Add component (AddParameter): Name = "Package"; Value = "DIP-16"; VariantName = "[No Variations]"
Add component (AddParameter): Name = "Package Type"; Value = "THT"; VariantName = "[No Variations]"
Add component (AddParameter): Name = "Type"; Value = "Counter"; VariantName = "[No Variations]"
Added Component: Designator=U?(SOIC14)
Add component (AddParameter): Name = "Package"; Value = "SOIC14"; VariantName = "[No Variations]"
Add component (AddParameter): Name = "Package Type"; Value = "SMD"; VariantName = "[No Variations]"
Add component (AddParameter): Name = "Type"; Value = "Op Amp"; VariantName = "[No Variations]"
Added Pin To Net: NetName=+12 V Pin=C?-2
Added Pin To Net: NetName=+12 V Pin=C?-2
Added Pin To Net: NetName=+12 V Pin=C?-2
Added Pin To Net: NetName=+12 V Pin=D?-2
Added Pin To Net: NetName=+12 V Pin=U?-4
Added Pin To Net: NetName=+12 V Pin=U?-16
Added Net: Name=+12 V
Added Pin To Net: NetName=-12 V Pin=C?-1
Added Pin To Net: NetName=-12 V Pin=C?-1
Added Pin To Net: NetName=-12 V Pin=D?-1
Added Pin To Net: NetName=-12 V Pin=U?-11
Added Net: Name=-12 V
Added Pin To Net: NetName=GND Pin=C?-1
Added Pin To Net: NetName=GND Pin=C?-1
Added Pin To Net: NetName=GND Pin=C?-1
Added Pin To Net: NetName=GND Pin=C?-1
Added Pin To Net: NetName=GND Pin=C?-2
Added Pin To Net: NetName=GND Pin=C?-2
Added Pin To Net: NetName=GND Pin=J?-1
Added Pin To Net: NetName=GND Pin=J?-1
Added Pin To Net: NetName=GND Pin=J?-1
Added Pin To Net: NetName=GND Pin=J?-1
Added Pin To Net: NetName=GND Pin=J?-2
Added Pin To Net: NetName=GND Pin=J?-3
Added Pin To Net: NetName=GND Pin=P?-1
Added Pin To Net: NetName=GND Pin=P?-1
Added Pin To Net: NetName=GND Pin=P?-1
Added Pin To Net: NetName=GND Pin=P?-1
Added Pin To Net: NetName=GND Pin=P?-1
Added Pin To Net: NetName=GND Pin=P?-1
Added Pin To Net: NetName=GND Pin=P?-1
Added Pin To Net: NetName=GND Pin=R?-1
Added Pin To Net: NetName=GND Pin=R?-1
Added Pin To Net: NetName=GND Pin=R?-1
Added Pin To Net: NetName=GND Pin=R?-1
Added Pin To Net: NetName=GND Pin=U?-8
Added Pin To Net: NetName=GND Pin=U?-13
Added Net: Name=GND
Added Pin To Net: NetName=NetC?_1 Pin=C?-1
Added Pin To Net: NetName=NetC?_1 Pin=J?-3
Added Net: Name=NetC?_1
Added Pin To Net: NetName=NetC?_2 Pin=C?-2
Added Pin To Net: NetName=NetC?_2 Pin=R?-1
Added Pin To Net: NetName=NetC?_2 Pin=U?-2
Added Net: Name=NetC?_2
Add Net: Net with name "NetC?_2" already exists
Added Pin To Net: NetName=NetD?_1 Pin=D?-1
Added Pin To Net: NetName=NetD?_1 Pin=P?-2
Added Net: Name=NetD?_1
Add Net: Net with name "NetD?_1" already exists
Add Net: Net with name "NetD?_1" already exists
Add Net: Net with name "NetD?_1" already exists
Add Net: Net with name "NetD?_1" already exists
Add Net: Net with name "NetD?_1" already exists
Add Net: Net with name "NetD?_1" already exists
Add Net: Net with name "NetD?_1" already exists
Added Pin To Net: NetName=NetD?_2 Pin=D?-2
Added Pin To Net: NetName=NetD?_2 Pin=R?-2
Added Pin To Net: NetName=NetD?_2 Pin=U?-5
Added Net: Name=NetD?_2
Add Net: Net with name "NetD?_2" already exists
Add Net: Net with name "NetD?_2" already exists
Add Net: Net with name "NetD?_2" already exists
Added Pin To Net: NetName=NetJ?_2 Pin=J?-2
Added Pin To Net: NetName=NetJ?_2 Pin=R?-2
Added Net: Name=NetJ?_2
Added Pin To Net: NetName=NetJ?_3 Pin=J?-3
Added Pin To Net: NetName=NetJ?_3 Pin=R?-1
Added Net: Name=NetJ?_3
Add Net: Net with name "NetJ?_3" already exists
Added Pin To Net: NetName=NetP?_2 Pin=P?-2
Added Pin To Net: NetName=NetP?_2 Pin=R?-2
Added Net: Name=NetP?_2
Add Net: Net with name "NetP?_2" already exists
Add Net: Net with name "NetP?_2" already exists
Added Pin To Net: NetName=NetP?_3 Pin=P?-3
Added Pin To Net: NetName=NetP?_3 Pin=U?-2
Added Net: Name=NetP?_3
Add Net: Net with name "NetP?_3" already exists
Add Net: Net with name "NetP?_3" already exists
Add Net: Net with name "NetP?_3" already exists
Add Net: Net with name "NetP?_3" already exists
Add Net: Net with name "NetP?_3" already exists
Added Pin To Net: NetName=NetR?_1 Pin=R?-1
Added Pin To Net: NetName=NetR?_1 Pin=S?-2
Added Pin To Net: NetName=NetR?_1 Pin=U?-5
Added Net: Name=NetR?_1
Add Net: Net with name "NetR?_1" already exists
Add Net: Net with name "NetR?_1" already exists
Add Net: Net with name "NetR?_1" already exists
Added Pin To Net: NetName=NetR?_2 Pin=R?-2
Added Pin To Net: NetName=NetR?_2 Pin=U?-6
Added Pin To Net: NetName=NetR?_2 Pin=U?-7
Added Net: Name=NetR?_2
Add Net: Net with name "NetR?_2" already exists
Added Pin To Net: NetName=NetS?_3 Pin=S?-3
Added Pin To Net: NetName=NetS?_3 Pin=S?-5
Added Net: Name=NetS?_3
Added Pin To Net: NetName=NetS?_6 Pin=S?-6
Added Pin To Net: NetName=NetS?_6 Pin=U?-1
Added Net: Name=NetS?_6
Added Class: Name=Sequencer_schem
Added Rule: Name=Schematic Supply Nets
Added Rule: Name=Schematic Supply Nets_1
Added Rule: Name=Schematic Supply Nets_2
