Replace Part C1 Capacitor THT 5mm in C:\Users\Jakub\Desktop\Eurorack-project\3x VCO\3xVCO.SchDoc with Capacitor THT 5mm from Generic components.SchLib
Replace Part C2 Capacitor THT 5mm in C:\Users\Jakub\Desktop\Eurorack-project\3x VCO\3xVCO.SchDoc with Capacitor THT 5mm from Generic components.SchLib
Replace Part C3 Capacitor THT 5mm in C:\Users\Jakub\Desktop\Eurorack-project\3x VCO\3xVCO.SchDoc with Capacitor THT 5mm from Generic components.SchLib
Replace Part C4 Capacitor Electr THT 5mm in C:\Users\Jakub\Desktop\Eurorack-project\3x VCO\3xVCO.SchDoc with Capacitor Electr THT 5mm from Generic components.SchLib
Replace Part C5 Capacitor THT 5mm in C:\Users\Jakub\Desktop\Eurorack-project\3x VCO\3xVCO.SchDoc with Capacitor THT 5mm from Generic components.SchLib
Replace Part C6 Capacitor THT 5mm in C:\Users\Jakub\Desktop\Eurorack-project\3x VCO\3xVCO.SchDoc with Capacitor THT 5mm from Generic components.SchLib
Replace Part C7 Capacitor THT 5mm in C:\Users\Jakub\Desktop\Eurorack-project\3x VCO\3xVCO.SchDoc with Capacitor THT 5mm from Generic components.SchLib
Replace Part C8 Capacitor THT 5mm in C:\Users\Jakub\Desktop\Eurorack-project\3x VCO\3xVCO.SchDoc with Capacitor THT 5mm from Generic components.SchLib
Replace Part C9 Capacitor THT 5mm in C:\Users\Jakub\Desktop\Eurorack-project\3x VCO\3xVCO.SchDoc with Capacitor THT 5mm from Generic components.SchLib
Replace Part C10 Capacitor THT 5mm in C:\Users\Jakub\Desktop\Eurorack-project\3x VCO\3xVCO.SchDoc with Capacitor THT 5mm from Generic components.SchLib
Replace Part C11 Capacitor Electr THT 5mm in C:\Users\Jakub\Desktop\Eurorack-project\3x VCO\3xVCO.SchDoc with Capacitor Electr THT 5mm from Generic components.SchLib
Replace Part C12 Capacitor THT 5mm in C:\Users\Jakub\Desktop\Eurorack-project\3x VCO\3xVCO.SchDoc with Capacitor THT 5mm from Generic components.SchLib
Replace Part D1 Diode THT in C:\Users\Jakub\Desktop\Eurorack-project\3x VCO\3xVCO.SchDoc with Diode THT from Diodes.SchLib
Replace Part D2 Diode THT in C:\Users\Jakub\Desktop\Eurorack-project\3x VCO\3xVCO.SchDoc with Diode THT from Diodes.SchLib
Replace Part D3 Diode THT in C:\Users\Jakub\Desktop\Eurorack-project\3x VCO\3xVCO.SchDoc with Diode THT from Diodes.SchLib
Replace Part D4 Schottky Diode THT in C:\Users\Jakub\Desktop\Eurorack-project\3x VCO\3xVCO.SchDoc with Schottky Diode THT from Diodes.SchLib
Replace Part D5 Schottky Diode THT in C:\Users\Jakub\Desktop\Eurorack-project\3x VCO\3xVCO.SchDoc with Schottky Diode THT from Diodes.SchLib
Replace Part J1 PJ301M in C:\Users\Jakub\Desktop\Eurorack-project\3x VCO\3xVCO.SchDoc with PJ301M from Connectors.SchLib
Replace Part J2 PJ301M in C:\Users\Jakub\Desktop\Eurorack-project\3x VCO\3xVCO.SchDoc with PJ301M from Connectors.SchLib
Replace Part J3 PJ301M in C:\Users\Jakub\Desktop\Eurorack-project\3x VCO\3xVCO.SchDoc with PJ301M from Connectors.SchLib
Replace Part J4 PJ301M in C:\Users\Jakub\Desktop\Eurorack-project\3x VCO\3xVCO.SchDoc with PJ301M from Connectors.SchLib
Replace Part J5 PJ301M in C:\Users\Jakub\Desktop\Eurorack-project\3x VCO\3xVCO.SchDoc with PJ301M from Connectors.SchLib
Replace Part J6 PJ301M in C:\Users\Jakub\Desktop\Eurorack-project\3x VCO\3xVCO.SchDoc with PJ301M from Connectors.SchLib
Replace Part J7 IDC 10 pin in C:\Users\Jakub\Desktop\Eurorack-project\3x VCO\3xVCO.SchDoc with IDC 10 pin from Connectors.SchLib
Replace Part P1 Potentiometer 9 mm in C:\Users\Jakub\Desktop\Eurorack-project\3x VCO\3xVCO.SchDoc with Potentiometer 9 mm from Potentiometers.SchLib
Replace Part P2 Potentiometer 9 mm in C:\Users\Jakub\Desktop\Eurorack-project\3x VCO\3xVCO.SchDoc with Potentiometer 9 mm from Potentiometers.SchLib
Replace Part P3 VR A Multiturn THT in C:\Users\Jakub\Desktop\Eurorack-project\3x VCO\3xVCO.SchDoc with VR A Multiturn THT from Potentiometers.SchLib
Replace Part P4 Potentiometer 9 mm in C:\Users\Jakub\Desktop\Eurorack-project\3x VCO\3xVCO.SchDoc with Potentiometer 9 mm from Potentiometers.SchLib
Replace Part P5 VR B 9 mm in C:\Users\Jakub\Desktop\Eurorack-project\3x VCO\3xVCO.SchDoc with VR B 9 mm from Potentiometers.SchLib
Replace Part P6 VR B 9 mm in C:\Users\Jakub\Desktop\Eurorack-project\3x VCO\3xVCO.SchDoc with VR B 9 mm from Potentiometers.SchLib
Replace Part Q1 BC548 in C:\Users\Jakub\Desktop\Eurorack-project\3x VCO\3xVCO.SchDoc with BC548 from Transistors.SchLib
Replace Part Q2 BC558 in C:\Users\Jakub\Desktop\Eurorack-project\3x VCO\3xVCO.SchDoc with BC558 from Transistors.SchLib
Replace Part R1 Resistor THT in C:\Users\Jakub\Desktop\Eurorack-project\3x VCO\3xVCO.SchDoc with Resistor THT from Generic components.SchLib
Replace Part R2 Resistor THT in C:\Users\Jakub\Desktop\Eurorack-project\3x VCO\3xVCO.SchDoc with Resistor THT from Generic components.SchLib
Replace Part R3 Resistor THT in C:\Users\Jakub\Desktop\Eurorack-project\3x VCO\3xVCO.SchDoc with Resistor THT from Generic components.SchLib
Replace Part R4 Resistor THT in C:\Users\Jakub\Desktop\Eurorack-project\3x VCO\3xVCO.SchDoc with Resistor THT from Generic components.SchLib
Replace Part R5 Resistor THT in C:\Users\Jakub\Desktop\Eurorack-project\3x VCO\3xVCO.SchDoc with Resistor THT from Generic components.SchLib
Replace Part R6 Resistor THT in C:\Users\Jakub\Desktop\Eurorack-project\3x VCO\3xVCO.SchDoc with Resistor THT from Generic components.SchLib
Replace Part R7 Resistor THT in C:\Users\Jakub\Desktop\Eurorack-project\3x VCO\3xVCO.SchDoc with Resistor THT from Generic components.SchLib
Replace Part R8 Resistor THT in C:\Users\Jakub\Desktop\Eurorack-project\3x VCO\3xVCO.SchDoc with Resistor THT from Generic components.SchLib
Replace Part R9 Resistor THT in C:\Users\Jakub\Desktop\Eurorack-project\3x VCO\3xVCO.SchDoc with Resistor THT from Generic components.SchLib
Replace Part R10 Resistor THT in C:\Users\Jakub\Desktop\Eurorack-project\3x VCO\3xVCO.SchDoc with Resistor THT from Generic components.SchLib
Replace Part R11 Resistor THT in C:\Users\Jakub\Desktop\Eurorack-project\3x VCO\3xVCO.SchDoc with Resistor THT from Generic components.SchLib
Replace Part R12 Resistor THT in C:\Users\Jakub\Desktop\Eurorack-project\3x VCO\3xVCO.SchDoc with Resistor THT from Generic components.SchLib
Replace Part R13 Resistor THT in C:\Users\Jakub\Desktop\Eurorack-project\3x VCO\3xVCO.SchDoc with Resistor THT from Generic components.SchLib
Replace Part R14 Resistor THT in C:\Users\Jakub\Desktop\Eurorack-project\3x VCO\3xVCO.SchDoc with Resistor THT from Generic components.SchLib
Replace Part R15 Resistor THT in C:\Users\Jakub\Desktop\Eurorack-project\3x VCO\3xVCO.SchDoc with Resistor THT from Generic components.SchLib
Replace Part R16 Resistor THT in C:\Users\Jakub\Desktop\Eurorack-project\3x VCO\3xVCO.SchDoc with Resistor THT from Generic components.SchLib
Replace Part R17 Resistor THT in C:\Users\Jakub\Desktop\Eurorack-project\3x VCO\3xVCO.SchDoc with Resistor THT from Generic components.SchLib
Replace Part R18 Resistor THT in C:\Users\Jakub\Desktop\Eurorack-project\3x VCO\3xVCO.SchDoc with Resistor THT from Generic components.SchLib
Replace Part R19 Resistor THT in C:\Users\Jakub\Desktop\Eurorack-project\3x VCO\3xVCO.SchDoc with Resistor THT from Generic components.SchLib
Replace Part R20 Resistor THT in C:\Users\Jakub\Desktop\Eurorack-project\3x VCO\3xVCO.SchDoc with Resistor THT from Generic components.SchLib
Replace Part R21 Resistor THT in C:\Users\Jakub\Desktop\Eurorack-project\3x VCO\3xVCO.SchDoc with Resistor THT from Generic components.SchLib
Replace Part R22 Resistor THT in C:\Users\Jakub\Desktop\Eurorack-project\3x VCO\3xVCO.SchDoc with Resistor THT from Generic components.SchLib
Replace Part R23 Resistor THT in C:\Users\Jakub\Desktop\Eurorack-project\3x VCO\3xVCO.SchDoc with Resistor THT from Generic components.SchLib
Replace Part R24 Resistor THT in C:\Users\Jakub\Desktop\Eurorack-project\3x VCO\3xVCO.SchDoc with Resistor THT from Generic components.SchLib
Replace Part U1 CD40106 DIP-14 in C:\Users\Jakub\Desktop\Eurorack-project\3x VCO\3xVCO.SchDoc with CD40106 DIP-14 from ICs.SchLib
Replace Part U1 CD40106 DIP-14 in C:\Users\Jakub\Desktop\Eurorack-project\3x VCO\3xVCO.SchDoc with CD40106 DIP-14 from ICs.SchLib
Replace Part U1 CD40106 DIP-14 in C:\Users\Jakub\Desktop\Eurorack-project\3x VCO\3xVCO.SchDoc with CD40106 DIP-14 from ICs.SchLib
Replace Part U1 CD40106 DIP-14 in C:\Users\Jakub\Desktop\Eurorack-project\3x VCO\3xVCO.SchDoc with CD40106 DIP-14 from ICs.SchLib
Replace Part U1 CD40106 DIP-14 in C:\Users\Jakub\Desktop\Eurorack-project\3x VCO\3xVCO.SchDoc with CD40106 DIP-14 from ICs.SchLib
Replace Part U1 CD40106 DIP-14 in C:\Users\Jakub\Desktop\Eurorack-project\3x VCO\3xVCO.SchDoc with CD40106 DIP-14 from ICs.SchLib
Replace Part U1 CD40106 DIP-14 in C:\Users\Jakub\Desktop\Eurorack-project\3x VCO\3xVCO.SchDoc with CD40106 DIP-14 from ICs.SchLib
Replace Part U2 TL074CDR SOIC14 in C:\Users\Jakub\Desktop\Eurorack-project\3x VCO\3xVCO.SchDoc with TL074CDR SOIC14 from OpAmps.SchLib
Replace Part U2 TL074CDR SOIC14 in C:\Users\Jakub\Desktop\Eurorack-project\3x VCO\3xVCO.SchDoc with TL074CDR SOIC14 from OpAmps.SchLib
Replace Part U2 TL074CDR SOIC14 in C:\Users\Jakub\Desktop\Eurorack-project\3x VCO\3xVCO.SchDoc with TL074CDR SOIC14 from OpAmps.SchLib
Replace Part U2 TL074CDR SOIC14 in C:\Users\Jakub\Desktop\Eurorack-project\3x VCO\3xVCO.SchDoc with TL074CDR SOIC14 from OpAmps.SchLib
Replace Part U2 TL074CDR SOIC14 in C:\Users\Jakub\Desktop\Eurorack-project\3x VCO\3xVCO.SchDoc with TL074CDR SOIC14 from OpAmps.SchLib
Replace Part U3 TL074CDR SOIC14 in C:\Users\Jakub\Desktop\Eurorack-project\3x VCO\3xVCO.SchDoc with TL074CDR SOIC14 from OpAmps.SchLib
Replace Part U3 TL074CDR SOIC14 in C:\Users\Jakub\Desktop\Eurorack-project\3x VCO\3xVCO.SchDoc with TL074CDR SOIC14 from OpAmps.SchLib
Replace Part U3 TL074CDR SOIC14 in C:\Users\Jakub\Desktop\Eurorack-project\3x VCO\3xVCO.SchDoc with TL074CDR SOIC14 from OpAmps.SchLib
Replace Part U3 TL074CDR SOIC14 in C:\Users\Jakub\Desktop\Eurorack-project\3x VCO\3xVCO.SchDoc with TL074CDR SOIC14 from OpAmps.SchLib
Replace Part VR1 Thermistor NTC THT in C:\Users\Jakub\Desktop\Eurorack-project\3x VCO\3xVCO.SchDoc with Thermistor NTC THT from Generic components.SchLib
Replace Part VR2 Thermistor NTC THT in C:\Users\Jakub\Desktop\Eurorack-project\3x VCO\3xVCO.SchDoc with Thermistor NTC THT from Generic components.SchLib
Replace Part VR3 Thermistor NTC THT in C:\Users\Jakub\Desktop\Eurorack-project\3x VCO\3xVCO.SchDoc with Thermistor NTC THT from Generic components.SchLib
Replace Part VR4 Thermistor NTC THT in C:\Users\Jakub\Desktop\Eurorack-project\3x VCO\3xVCO.SchDoc with Thermistor NTC THT from Generic components.SchLib
